TN:
SF:src/models/events/UserChangeEvent/index.js
FNF:0
FNH:0
DA:1,1
DA:3,1
LF:2
LH:2
BRF:0
BRH:0
end_of_record
TN:
SF:src/models/notifications/UserUpdateFailedNotification/index.js
FN:2,(anonymous_0)
FNF:1
FNH:1
FNDA:1,(anonymous_0)
DA:3,1
DA:4,1
DA:8,1
LF:3
LH:3
BRF:0
BRH:0
end_of_record
TN:
SF:src/models/notifications/UserUpdatePassedNotification/index.js
FN:2,(anonymous_0)
FNF:1
FNH:1
FNDA:1,(anonymous_0)
DA:3,1
DA:4,1
DA:8,1
LF:3
LH:3
BRF:0
BRH:0
end_of_record
TN:
SF:src/models/requests/ChangeUserRequest/index.js
FN:4,(anonymous_0)
FNF:1
FNH:1
FNDA:1,(anonymous_0)
DA:1,1
DA:5,1
DA:7,1
DA:8,1
DA:9,1
DA:13,1
LF:6
LH:6
BRF:0
BRH:0
end_of_record
TN:
SF:src/routing/index.js
FN:4,appRouting
FNF:1
FNH:1
FNDA:2,appRouting
DA:1,2
DA:2,2
DA:5,2
DA:7,1
DA:8,1
DA:9,1
DA:11,1
DA:15,2
LF:8
LH:8
BRDA:5,0,0,1
BRDA:5,0,1,1
BRF:2
BRH:2
end_of_record
TN:
SF:src/services/user/index.js
FN:7,updateUser
FNF:1
FNH:1
FNDA:2,updateUser
DA:1,2
DA:2,2
DA:3,2
DA:4,2
DA:5,2
DA:8,2
DA:9,2
DA:10,2
DA:11,1
DA:13,1
DA:17,2
LF:11
LH:11
BRF:0
BRH:0
end_of_record
